This is pdfTeX, Version 3.1415926-2.4-1.40.13 (MiKTeX 2.9) (preloaded format=pdflatex 2013.7.20)  19 FEB 2015 15:07
entering extended mode
**styleguide.tex
("C:\Study\My projects\Depth-scatter\MS\biometrika2012\styleguide.tex"
LaTeX2e <2011/06/27>
Babel <v3.8m> and hyphenation patterns for english, afrikaans, ancientgreek, ar
abic, armenian, assamese, basque, bengali, bokmal, bulgarian, catalan, coptic, 
croatian, czech, danish, dutch, esperanto, estonian, farsi, finnish, french, ga
lician, german, german-x-2012-05-30, greek, gujarati, hindi, hungarian, iceland
ic, indonesian, interlingua, irish, italian, kannada, kurmanji, latin, latvian,
 lithuanian, malayalam, marathi, mongolian, mongolianlmc, monogreek, ngerman, n
german-x-2012-05-30, nynorsk, oriya, panjabi, pinyin, polish, portuguese, roman
ian, russian, sanskrit, serbian, slovak, slovenian, spanish, swedish, swissgerm
an, tamil, telugu, turkish, turkmen, ukenglish, ukrainian, uppersorbian, usengl
ishmax, welsh, loaded.
("C:\Study\My projects\Depth-scatter\MS\biometrika2012\biometrika.cls"
Document Class: biometrika 2009/25/05 v1.5 Standard LaTeX document class
\draftrule=\dimen102
\trimrule=\dimen103
("C:\Study\My projects\Depth-scatter\MS\biometrika2012\Biomet-lineno.sty"
("C:\Study\My projects\Depth-scatter\MS\biometrika2012\lineno.sty"
Package: lineno 2005/11/02 line numbers on paragraphs v4.41
\linenopenalty=\count79
\output=\toks14
\linenoprevgraf=\count80
\linenumbersep=\dimen104
\linenumberwidth=\dimen105
\c@linenumber=\count81
\c@pagewiselinenumber=\count82
\c@LN@truepage=\count83
\c@internallinenumber=\count84
\c@internallinenumbers=\count85
\quotelinenumbersep=\dimen106
\bframerule=\dimen107
\bframesep=\dimen108
\bframebox=\box26
LaTeX Info: Redefining \\ on input line 3056.
))
\minute=\count86
\hour=\count87
\trimwidth=\dimen109
\trimheight=\dimen110
\typewidth=\dimen111
\typeheight=\dimen112
\tempdimen=\dimen113
\normaltextheight=\dimen114
\normalbaselineskip=\skip41
\blindfoliodrop=\dimen115
\enumdim=\dimen116
\figheight=\dimen117
\figwidth=\dimen118
\tabledim=\dimen119
\tableleftskip=\skip42
\tablerightskip=\skip43
\mathindent=\dimen120
\emathindent=\dimen121
\bibindent=\dimen122
\tempbox=\box27
\aucount=\count88
\affcount=\count89
\articlecount=\count90
\abbrebox=\box28
\c@part=\count91
\c@chapter=\count92
\c@section=\count93
\c@subsection=\count94
\topsepi=\skip44
\topsepii=\skip45
\topsepiii=\skip46
\itemsepi=\skip47
\itemsepii=\skip48
\itemsepiii=\skip49
\LabelSep=\dimen123
\deflistcount=\count95
\listtextleftmargin=\skip50
\listtextleftmarginii=\skip51
\listtextleftmarginiii=\skip52
\listtextrightmargin=\skip53
\listlabelleftskip=\skip54
\listlabelleftskipii=\skip55
\listlabelleftskipiii=\skip56
\abovelistskipi=\skip57
\belowlistskipi=\skip58
\abovelistskipii=\skip59
\belowlistskipii=\skip60
\abovelistskipiii=\skip61
\belowlistskipiii=\skip62
\labelsepi=\skip63
\labelsepii=\skip64
\labelsepiii=\skip65
\enumdimwd=\dimen124
\unnumlistindent=\dimen125
\itemleftmargin=\dimen126
\itemlabelsep=\dimen127
\c@ncount=\count96
\abovecaptionskip=\skip66
\belowcaptionskip=\skip67
\c@figure=\count97
\tempadimen=\dimen128

("C:\Study\LaTeX\MikTeX 2.9\tex\latex\epsf\epsf.sty"
This is `epsf.tex' v2.7.4 <14 February 2011>
\epsffilein=\read1
\epsfframemargin=\dimen129
\epsfframethickness=\dimen130
\epsfrsize=\dimen131
\epsftmp=\dimen132
\epsftsize=\dimen133
\epsfxsize=\dimen134
\epsfysize=\dimen135
\pspoints=\dimen136
)
\figtempbox=\box29
\c@table=\count98
\@footmax=\dimen137
LaTeX Font Info:    External font `cmex10' loaded for size
(Font)              <8> on input line 1292.
LaTeX Font Info:    External font `cmex10' loaded for size
(Font)              <6> on input line 1292.
LaTeX Font Info:    External font `cmex10' loaded for size
(Font)              <5> on input line 1292.
\bibindent=\dimen138
\bibleftmargin=\dimen139
\bibitemsep=\dimen140
\bibparsep=\dimen141
\bibtext=\dimen142
\biblabelsep=\dimen143
\bibleftmargini=\dimen144
\linecount=\count99
\tempcount=\count100
 ("C:\Study\My projects\Depth-scatter\MS\biometrika2012\ntheorem.sty"
Style `ntheorem', Version 1.24 <2004/09/20>
Package: ntheorem 2004/09/20 1.24
\theorem@style=\toks15
\theorem@@style=\toks16
\theorembodyfont=\toks17
\theoremnumbering=\toks18
\theorempreskipamount=\skip68
\theorempostskipamount=\skip69
\theoremindent=\dimen145
\theorem@indent=\dimen146
\theoremheaderfont=\toks19
\theoremseparator=\toks20
\theoremprework=\toks21
\theorempostwork=\toks22
\theoremsymbol=\toks23
\qedsymbol=\toks24
\theoremkeyword=\toks25
\qedsymbol=\toks26
\thm@topsepadd=\skip70
Package ntheorem Info: Option `thmmarks' loaded on input line 1029.
\c@endNonectr=\count101
\c@currNonectr=\count102
\mysavskip=\skip71
)
\c@currtheoremctr=\count103
\c@endtheoremctr=\count104
\c@theorem=\count105
\c@currlemmactr=\count106
\c@endlemmactr=\count107
\c@lemma=\count108
\c@currcorollaryctr=\count109
\c@endcorollaryctr=\count110
\c@corollary=\count111
\c@currpropositionctr=\count112
\c@endpropositionctr=\count113
\c@proposition=\count114
\c@currdefinitionctr=\count115
\c@enddefinitionctr=\count116
\c@definition=\count117
\c@currassumptionctr=\count118
\c@endassumptionctr=\count119
\c@assumption=\count120
\c@currremarkctr=\count121
\c@endremarkctr=\count122
\c@remark=\count123
\c@currstepctr=\count124
\c@endstepctr=\count125
\c@step=\count126
\c@currconditionctr=\count127
\c@endconditionctr=\count128
\c@condition=\count129
\c@currpropertyctr=\count130
\c@endpropertyctr=\count131
\c@property=\count132
\c@currrestrictionctr=\count133
\c@endrestrictionctr=\count134
\c@restriction=\count135
\c@currexamplectr=\count136
\c@endexamplectr=\count137
\c@example=\count138
\c@curralgoctr=\count139
\c@endalgoctr=\count140
\c@algo=\count141
\c@currproofctr=\count142
\c@endproofctr=\count143
\c@proof=\count144
 ("C:\Study\LaTeX\MikTeX 2.9\tex\latex\natbib\natbib.sty"
Package: natbib 2010/09/13 8.31b (PWD, AO)
\bibhang=\skip72
\bibsep=\skip73
LaTeX Info: Redefining \cite on input line 694.
\c@NAT@ctr=\count145
))
("C:\Study\LaTeX\MikTeX 2.9\tex\latex\amsmath\amsmath.sty"
Package: amsmath 2013/01/14 v2.14 AMS math features
\@mathmargin=\skip74

For additional information on amsmath, use the `?' option.
("C:\Study\LaTeX\MikTeX 2.9\tex\latex\amsmath\amstext.sty"
Package: amstext 2000/06/29 v2.01

("C:\Study\LaTeX\MikTeX 2.9\tex\latex\amsmath\amsgen.sty"
File: amsgen.sty 1999/11/30 v2.0
\@emptytoks=\toks27
\ex@=\dimen147
)
LaTeX Info: Redefining \text on input line 39.
)
("C:\Study\LaTeX\MikTeX 2.9\tex\latex\amsmath\amsbsy.sty"
Package: amsbsy 1999/11/29 v1.2d
\pmbraise@=\dimen148
)
("C:\Study\LaTeX\MikTeX 2.9\tex\latex\amsmath\amsopn.sty"
Package: amsopn 1999/12/14 v2.01 operator names
)
\inf@bad=\count146
LaTeX Info: Redefining \frac on input line 210.
\uproot@=\count147
\leftroot@=\count148
LaTeX Info: Redefining \overline on input line 306.
\classnum@=\count149
\DOTSCASE@=\count150
LaTeX Info: Redefining \ldots on input line 378.
LaTeX Info: Redefining \dots on input line 381.
LaTeX Info: Redefining \cdots on input line 466.
\Mathstrutbox@=\box30
\strutbox@=\box31
\big@size=\dimen149
LaTeX Font Info:    Redeclaring font encoding OML on input line 566.
LaTeX Font Info:    Redeclaring font encoding OMS on input line 567.
\macc@depth=\count151
\c@MaxMatrixCols=\count152
\dotsspace@=\muskip10
\c@parentequation=\count153
\dspbrk@lvl=\count154
\tag@help=\toks28
\row@=\count155
\column@=\count156
\maxfields@=\count157
\andhelp@=\toks29
\eqnshift@=\dimen150
\alignsep@=\dimen151
\tagshift@=\dimen152
\tagwidth@=\dimen153
\totwidth@=\dimen154
\lineht@=\dimen155
\@envbody=\toks30
\multlinegap=\skip75
\multlinetaggap=\skip76
\mathdisplay@stack=\toks31
LaTeX Info: Redefining \[ on input line 2665.
LaTeX Info: Redefining \] on input line 2666.
)
("C:\Study\LaTeX\MikTeX 2.9\tex\latex\psnfss\times.sty"
Package: times 2005/04/12 PSNFSS-v9.2a (SPQR) 
)
("C:\Study\LaTeX\MikTeX 2.9\tex\latex\tools\bm.sty"
Package: bm 2004/02/26 v1.1c Bold Symbol Support (DPC/FMi)
\symboldoperators=\mathgroup4
\symboldletters=\mathgroup5
\symboldsymbols=\mathgroup6
LaTeX Font Info:    Redeclaring math alphabet \mathbf on input line 138.
LaTeX Info: Redefining \bm on input line 204.
)
("C:\Study\LaTeX\MikTeX 2.9\tex\latex\algorithm2e\algorithm2e.sty"
Package: algorithm2e 2013/01/06 v5.00 algorithms environments
\c@AlgoLine=\count158

("C:\Study\LaTeX\MikTeX 2.9\tex\latex\base\ifthen.sty"
Package: ifthen 2001/05/26 v1.1c Standard LaTeX ifthen package (DPC)
)
("C:\Study\LaTeX\MikTeX 2.9\tex\latex\tools\xspace.sty"
Package: xspace 2009/10/20 v1.13 Space after command names (DPC,MH)
)
("C:\Study\LaTeX\MikTeX 2.9\tex\latex\ltxmisc\relsize.sty"
Package: relsize 2003/07/04 ver 3.1
)
********************************************************
Package `algorithm2e' Release 5.0 -- january 06 2013 --
- algorithm2e-announce@lirmm.fr mailing list for announcement about releases
- algorithm2e-discussion@lirmm.fr mailing list for discussion about package
subscribe by emailing sympa@lirmm.fr with 'subscribe <list> <firstname name>'
- Author: Christophe Fiorio (cfiorio@um2.fr)
********************************************************
\skiptotal=\skip77
\skiplinenumber=\skip78
\skiprule=\skip79
\skiphlne=\skip80
\skiptext=\skip81
\skiplength=\skip82
\algomargin=\skip83
\skipalgocfslide=\skip84
\algowidth=\dimen156
\inoutsize=\dimen157
\inoutindent=\dimen158
\interspacetitleruled=\dimen159
\interspacealgoruled=\dimen160
\interspacetitleboxruled=\dimen161
\algocf@inoutbox=\box32
\algocf@inputbox=\box33
\AlCapSkip=\skip85
\AlCapHSkip=\skip86
\algoskipindent=\skip87
\algocf@nlbox=\box34
\algocf@hangingbox=\box35
\algocf@untilbox=\box36
\algocf@skipuntil=\skip88
\algocf@capbox=\box37
\algoheightruledefault=\skip89
\algoheightrule=\skip90
\algotitleheightruledefault=\skip91
\algotitleheightrule=\skip92
\c@algocfline=\count159
\c@algocfproc=\count160
\c@algocf=\count161
\algocf@algoframe=\box38
\algocf@algobox=\box39
) ("C:\Study\My projects\Depth-scatter\MS\biometrika2012\styleguide.aux")
LaTeX Font Info:    Checking defaults for OML/cmm/m/it on input line 39.
LaTeX Font Info:    ... okay on input line 39.
LaTeX Font Info:    Checking defaults for T1/cmr/m/n on input line 39.
LaTeX Font Info:    ... okay on input line 39.
LaTeX Font Info:    Checking defaults for OT1/cmr/m/n on input line 39.
LaTeX Font Info:    ... okay on input line 39.
LaTeX Font Info:    Checking defaults for OMS/cmsy/m/n on input line 39.
LaTeX Font Info:    ... okay on input line 39.
LaTeX Font Info:    Checking defaults for OMX/cmex/m/n on input line 39.
LaTeX Font Info:    ... okay on input line 39.
LaTeX Font Info:    Checking defaults for U/cmr/m/n on input line 39.
LaTeX Font Info:    ... okay on input line 39.
LaTeX Font Info:    Try loading font information for OT1+ptm on input line 39.

("C:\Study\LaTeX\MikTeX 2.9\tex\latex\psnfss\ot1ptm.fd"
File: ot1ptm.fd 2001/06/04 font definitions for OT1/ptm.
)
LaTeX Font Info:    Font shape `OT1/ptm/bx/n' in size <16> not available
(Font)              Font shape `OT1/ptm/b/n' tried instead on input line 67.
LaTeX Font Info:    Try loading font information for OT1+phv on input line 67.

("C:\Study\LaTeX\MikTeX 2.9\tex\latex\psnfss\ot1phv.fd"
File: ot1phv.fd 2001/06/04 scalable font definitions for OT1/phv.
)
Underfull \vbox (badness 3746) has occurred while \output is active []


Overfull \vbox (62.0pt too high) has occurred while \output is active []

LaTeX Font Info:    Font shape `OT1/ptm/bx/n' in size <8> not available
(Font)              Font shape `OT1/ptm/b/n' tried instead on input line 91.

Overfull \vbox (19.51196pt too high) has occurred while \output is active []


[1{C:/Users/Subho/AppData/Local/MiKTeX/2.9/pdftex/config/pdftex.map}

]
LaTeX Font Info:    Try loading font information for OT1+pcr on input line 103.


("C:\Study\LaTeX\MikTeX 2.9\tex\latex\psnfss\ot1pcr.fd"
File: ot1pcr.fd 2001/06/04 font definitions for OT1/pcr.
)
Overfull \vbox (62.0pt too high) has occurred while \output is active []


Overfull \vbox (1.06897pt too high) has occurred while \output is active []


[2]

Package amsmath Warning: Foreign command \atopwithdelims;
(amsmath)                \frac or \genfrac should be used instead
(amsmath)                 on input line 139.


Underfull \vbox (badness 10000) has occurred while \output is active []


Overfull \vbox (62.0pt too high) has occurred while \output is active []


Overfull \vbox (1.1294pt too high) has occurred while \output is active []


[3]
(art/fig1.eps
)

Overfull \vbox (240.8pt too high) detected at line 194
 []

LaTeX Font Info:    Font shape `OT1/ptm/bx/n' in size <9> not available
(Font)              Font shape `OT1/ptm/b/n' tried instead on input line 194.

Overfull \vbox (62.0pt too high) has occurred while \output is active []


Overfull \vbox (1.06897pt too high) has occurred while \output is active []


[4]
Overfull \vbox (62.0pt too high) has occurred while \output is active []


Overfull \vbox (1.1294pt too high) has occurred while \output is active []


[5
Non-PDF special ignored!]
Overfull \vbox (62.0pt too high) has occurred while \output is active []


Overfull \vbox (1.06897pt too high) has occurred while \output is active []


[6]
LaTeX Font Info:    Font shape `OT1/ptm/bx/n' in size <10.95> not available
(Font)              Font shape `OT1/ptm/b/n' tried instead on input line 344.

Underfull \hbox (badness 10000) detected at line 344
[]
 []


Overfull \vbox (62.0pt too high) has occurred while \output is active []


Overfull \vbox (1.1294pt too high) has occurred while \output is active []


[7]
\tf@thm=\write3

Overfull \vbox (62.0pt too high) has occurred while \output is active []


Overfull \vbox (1.06897pt too high) has occurred while \output is active []


[8] ("C:\Study\My projects\Depth-scatter\MS\biometrika2012\styleguide.aux") ) 
Here is how much of TeX's memory you used:
 4078 strings out of 493921
 52698 string characters out of 3148084
 136443 words of memory out of 3000000
 7338 multiletter control sequences out of 15000+200000
 48849 words of font info for 96 fonts, out of 3000000 for 9000
 841 hyphenation exceptions out of 8191
 32i,16n,24p,655b,354s stack positions out of 5000i,500n,10000p,200000b,50000s
{C
:/Study/LaTeX/MikTeX 2.9/fonts/enc/dvips/fontname/8r.enc}<C:/Study/LaTeX/MikTeX
 2.9/fonts/type1/public/amsfonts/cm/cmex10.pfb><C:/Study/LaTeX/MikTeX 2.9/fonts
/type1/public/amsfonts/cm/cmmi10.pfb><C:/Study/LaTeX/MikTeX 2.9/fonts/type1/pub
lic/amsfonts/cm/cmmi8.pfb><C:/Study/LaTeX/MikTeX 2.9/fonts/type1/public/amsfont
s/cm/cmr10.pfb><C:/Study/LaTeX/MikTeX 2.9/fonts/type1/public/amsfonts/cm/cmr6.p
fb><C:/Study/LaTeX/MikTeX 2.9/fonts/type1/public/amsfonts/cm/cmr8.pfb><C:/Study
/LaTeX/MikTeX 2.9/fonts/type1/public/amsfonts/cm/cmsy10.pfb><C:/Study/LaTeX/Mik
TeX 2.9/fonts/type1/public/amsfonts/cm/cmsy7.pfb><C:/Study/LaTeX/MikTeX 2.9/fon
ts/type1/public/amsfonts/cm/cmsy8.pfb><C:/Study/LaTeX/MikTeX 2.9/fonts/type1/pu
blic/amsfonts/symbols/msam10.pfb><C:/Study/LaTeX/MikTeX 2.9/fonts/type1/urw/cou
rier/ucrr8a.pfb><C:/Study/LaTeX/MikTeX 2.9/fonts/type1/urw/helvetic/uhvr8a.pfb>
<C:/Study/LaTeX/MikTeX 2.9/fonts/type1/urw/times/utmb8a.pfb><C:/Study/LaTeX/Mik
TeX 2.9/fonts/type1/urw/times/utmr8a.pfb><C:/Study/LaTeX/MikTeX 2.9/fonts/type1
/urw/times/utmri8a.pfb>
Output written on styleguide.pdf (8 pages, 187418 bytes).
PDF statistics:
 90 PDF objects out of 1000 (max. 8388607)
 0 named destinations out of 1000 (max. 500000)
 1 words of extra memory for PDF output out of 10000 (max. 10000000)

