This is pdfTeX, Version 3.1415926-2.4-1.40.13 (MiKTeX 2.9) (preloaded format=pdflatex 2013.7.20)  3 DEC 2015 11:42
entering extended mode
**Depth-scatter-summary.tex
("C:\Study\My projects\Depth-scatter\MS\Depth-scatter-summary.tex"
LaTeX2e <2011/06/27>
Babel <v3.8m> and hyphenation patterns for english, afrikaans, ancientgreek, ar
abic, armenian, assamese, basque, bengali, bokmal, bulgarian, catalan, coptic, 
croatian, czech, danish, dutch, esperanto, estonian, farsi, finnish, french, ga
lician, german, german-x-2012-05-30, greek, gujarati, hindi, hungarian, iceland
ic, indonesian, interlingua, irish, italian, kannada, kurmanji, latin, latvian,
 lithuanian, malayalam, marathi, mongolian, mongolianlmc, monogreek, ngerman, n
german-x-2012-05-30, nynorsk, oriya, panjabi, pinyin, polish, portuguese, roman
ian, russian, sanskrit, serbian, slovak, slovenian, spanish, swedish, swissgerm
an, tamil, telugu, turkish, turkmen, ukenglish, ukrainian, uppersorbian, usengl
ishmax, welsh, loaded.
("C:\Study\LaTeX\MikTeX 2.9\tex\latex\base\article.cls"
Document Class: article 2007/10/19 v1.4h Standard LaTeX document class
("C:\Study\LaTeX\MikTeX 2.9\tex\latex\base\fleqn.clo"
File: fleqn.clo 1998/08/17 v1.1c Standard LaTeX option (flush left equations)
\mathindent=\dimen102
)
("C:\Study\LaTeX\MikTeX 2.9\tex\latex\base\size11.clo"
File: size11.clo 2007/10/19 v1.4h Standard LaTeX file (size option)
)
\c@part=\count79
\c@section=\count80
\c@subsection=\count81
\c@subsubsection=\count82
\c@paragraph=\count83
\c@subparagraph=\count84
\c@figure=\count85
\c@table=\count86
\abovecaptionskip=\skip41
\belowcaptionskip=\skip42
\bibindent=\dimen103
)
("C:\Study\My projects\Depth-scatter\MS\mycommands.sty")
("C:\Study\LaTeX\MikTeX 2.9\tex\latex\amsfonts\amssymb.sty"
Package: amssymb 2013/01/14 v3.01 AMS font symbols

("C:\Study\LaTeX\MikTeX 2.9\tex\latex\amsfonts\amsfonts.sty"
Package: amsfonts 2013/01/14 v3.01 Basic AMSFonts support
\@emptytoks=\toks14
\symAMSa=\mathgroup4
\symAMSb=\mathgroup5
LaTeX Font Info:    Overwriting math alphabet `\mathfrak' in version `bold'
(Font)                  U/euf/m/n --> U/euf/b/n on input line 106.
))
("C:\Study\LaTeX\MikTeX 2.9\tex\latex\amsmath\amsmath.sty"
Package: amsmath 2013/01/14 v2.14 AMS math features
\@mathmargin=\skip43

For additional information on amsmath, use the `?' option.
("C:\Study\LaTeX\MikTeX 2.9\tex\latex\amsmath\amstext.sty"
Package: amstext 2000/06/29 v2.01

("C:\Study\LaTeX\MikTeX 2.9\tex\latex\amsmath\amsgen.sty"
File: amsgen.sty 1999/11/30 v2.0
\@emptytoks=\toks15
\ex@=\dimen104
))
("C:\Study\LaTeX\MikTeX 2.9\tex\latex\amsmath\amsbsy.sty"
Package: amsbsy 1999/11/29 v1.2d
\pmbraise@=\dimen105
)
("C:\Study\LaTeX\MikTeX 2.9\tex\latex\amsmath\amsopn.sty"
Package: amsopn 1999/12/14 v2.01 operator names
)
\inf@bad=\count87
LaTeX Info: Redefining \frac on input line 210.
\uproot@=\count88
\leftroot@=\count89
LaTeX Info: Redefining \overline on input line 306.
\classnum@=\count90
\DOTSCASE@=\count91
LaTeX Info: Redefining \ldots on input line 378.
LaTeX Info: Redefining \dots on input line 381.
LaTeX Info: Redefining \cdots on input line 466.
\Mathstrutbox@=\box26
\strutbox@=\box27
\big@size=\dimen106
LaTeX Font Info:    Redeclaring font encoding OML on input line 566.
LaTeX Font Info:    Redeclaring font encoding OMS on input line 567.
\macc@depth=\count92
\c@MaxMatrixCols=\count93
\dotsspace@=\muskip10
\c@parentequation=\count94
\dspbrk@lvl=\count95
\tag@help=\toks16
\row@=\count96
\column@=\count97
\maxfields@=\count98
\andhelp@=\toks17
\eqnshift@=\dimen107
\alignsep@=\dimen108
\tagshift@=\dimen109
\tagwidth@=\dimen110
\totwidth@=\dimen111
\lineht@=\dimen112
\@envbody=\toks18
\multlinegap=\skip44
\multlinetaggap=\skip45
\mathdisplay@stack=\toks19
LaTeX Info: Redefining \[ on input line 2665.
LaTeX Info: Redefining \] on input line 2666.
)
("C:\Study\LaTeX\MikTeX 2.9\tex\latex\amscls\amsthm.sty"
Package: amsthm 2004/08/06 v2.20
\thm@style=\toks20
\thm@bodyfont=\toks21
\thm@headfont=\toks22
\thm@notefont=\toks23
\thm@headpunct=\toks24
\thm@preskip=\skip46
\thm@postskip=\skip47
\thm@headsep=\skip48
\dth@everypar=\toks25
)
("C:\Study\LaTeX\MikTeX 2.9\tex\latex\graphics\color.sty"
Package: color 2005/11/14 v1.0j Standard LaTeX Color (DPC)

("C:\Study\LaTeX\MikTeX 2.9\tex\latex\00miktex\color.cfg"
File: color.cfg 2007/01/18 v1.5 color configuration of teTeX/TeXLive
)
Package color Info: Driver file: pdftex.def on input line 130.

("C:\Study\LaTeX\MikTeX 2.9\tex\latex\pdftex-def\pdftex.def"
File: pdftex.def 2011/05/27 v0.06d Graphics/color for pdfTeX

("C:\Study\LaTeX\MikTeX 2.9\tex\generic\oberdiek\infwarerr.sty"
Package: infwarerr 2010/04/08 v1.3 Providing info/warning/error messages (HO)
)
("C:\Study\LaTeX\MikTeX 2.9\tex\generic\oberdiek\ltxcmds.sty"
Package: ltxcmds 2011/11/09 v1.22 LaTeX kernel commands for general use (HO)
)
\Gread@gobject=\count99
))
("C:\Study\LaTeX\MikTeX 2.9\tex\latex\ltxmisc\pagesize.sty"
Style-Option: `pagesize' v1.2  <94/06/09>.
\pgsz@paper@width=\dimen113
\pgsz@paper@height=\dimen114
\pgsz@width=\dimen115
\pgsz@height=\dimen116
\pgsz@hmargin=\dimen117
\pgsz@vmargin=\dimen118
\pgsz@totheight=\dimen119
) ("C:\Study\LaTeX\MikTeX 2.9\tex\latex\outlines\outlines.sty"
Package: outlines 2012/1/23 1.1 Ch. Pecheur

("C:\Study\LaTeX\MikTeX 2.9\tex\latex\base\ifthen.sty"
Package: ifthen 2001/05/26 v1.1c Standard LaTeX ifthen package (DPC)
))
("C:\Study\LaTeX\MikTeX 2.9\tex\latex\cite\cite.sty"
LaTeX Info: Redefining \cite on input line 302.
LaTeX Info: Redefining \nocite on input line 373.
Package: cite 2010/09/10  v 5.3
)
("C:\Study\LaTeX\MikTeX 2.9\tex\latex\caption\caption.sty"
Package: caption 2013/05/02 v3.3-89 Customizing captions (AR)

("C:\Study\LaTeX\MikTeX 2.9\tex\latex\caption\caption3.sty"
Package: caption3 2013/05/02 v1.6-88 caption3 kernel (AR)
Package caption3 Info: TeX engine: e-TeX on input line 57.

("C:\Study\LaTeX\MikTeX 2.9\tex\latex\graphics\keyval.sty"
Package: keyval 1999/03/16 v1.13 key=value parser (DPC)
\KV@toks@=\toks26
)
\captionmargin=\dimen120
\captionmargin@=\dimen121
\captionwidth=\dimen122
\caption@tempdima=\dimen123
\caption@indent=\dimen124
\caption@parindent=\dimen125
\caption@hangindent=\dimen126
)
\c@ContinuedFloat=\count100
)
("C:\Study\LaTeX\MikTeX 2.9\tex\latex\graphics\graphicx.sty"
Package: graphicx 1999/02/16 v1.0f Enhanced LaTeX Graphics (DPC,SPQR)

("C:\Study\LaTeX\MikTeX 2.9\tex\latex\graphics\graphics.sty"
Package: graphics 2009/02/05 v1.0o Standard LaTeX Graphics (DPC,SPQR)

("C:\Study\LaTeX\MikTeX 2.9\tex\latex\graphics\trig.sty"
Package: trig 1999/03/16 v1.09 sin cos tan (DPC)
)
("C:\Study\LaTeX\MikTeX 2.9\tex\latex\00miktex\graphics.cfg"
File: graphics.cfg 2007/01/18 v1.5 graphics configuration of teTeX/TeXLive
)
Package graphics Info: Driver file: pdftex.def on input line 91.
)
\Gin@req@height=\dimen127
\Gin@req@width=\dimen128
)
("C:\Study\LaTeX\MikTeX 2.9\tex\latex\natbib\natbib.sty"
Package: natbib 2010/09/13 8.31b (PWD, AO)


Package natbib Warning: The `cite' package should not be used
(natbib)                with natbib. Use option `sort' instead.

\bibhang=\skip49
\bibsep=\skip50
LaTeX Info: Redefining \cite on input line 694.
LaTeX Info: Redefining \citenum on input line 708.
\c@NAT@ctr=\count101
) ("C:\Study\LaTeX\MikTeX 2.9\tex\latex\hyperref\hyperref.sty"
Package: hyperref 2012/11/06 v6.83m Hypertext links for LaTeX

("C:\Study\LaTeX\MikTeX 2.9\tex\generic\oberdiek\hobsub-hyperref.sty"
Package: hobsub-hyperref 2012/04/25 v1.12 Bundle oberdiek, subset hyperref (HO)


("C:\Study\LaTeX\MikTeX 2.9\tex\generic\oberdiek\hobsub-generic.sty"
Package: hobsub-generic 2012/04/25 v1.12 Bundle oberdiek, subset generic (HO)
Package: hobsub 2012/04/25 v1.12 Construct package bundles (HO)
Package hobsub Info: Skipping package `infwarerr' (already loaded).
Package hobsub Info: Skipping package `ltxcmds' (already loaded).
Package: ifluatex 2010/03/01 v1.3 Provides the ifluatex switch (HO)
Package ifluatex Info: LuaTeX not detected.
Package: ifvtex 2010/03/01 v1.5 Detect VTeX and its facilities (HO)
Package ifvtex Info: VTeX not detected.
Package: intcalc 2007/09/27 v1.1 Expandable calculations with integers (HO)
Package: ifpdf 2011/01/30 v2.3 Provides the ifpdf switch (HO)
Package ifpdf Info: pdfTeX in PDF mode is detected.
Package: etexcmds 2011/02/16 v1.5 Avoid name clashes with e-TeX commands (HO)
Package etexcmds Info: Could not find \expanded.
(etexcmds)             That can mean that you are not using pdfTeX 1.50 or
(etexcmds)             that some package has redefined \expanded.
(etexcmds)             In the latter case, load this package earlier.
Package: kvsetkeys 2012/04/25 v1.16 Key value parser (HO)
Package: kvdefinekeys 2011/04/07 v1.3 Define keys (HO)
Package: pdftexcmds 2011/11/29 v0.20 Utility functions of pdfTeX for LuaTeX (HO
)
Package pdftexcmds Info: LuaTeX not detected.
Package pdftexcmds Info: \pdf@primitive is available.
Package pdftexcmds Info: \pdf@ifprimitive is available.
Package pdftexcmds Info: \pdfdraftmode found.
Package: pdfescape 2011/11/25 v1.13 Implements pdfTeX's escape features (HO)
Package: bigintcalc 2012/04/08 v1.3 Expandable calculations on big integers (HO
)
Package: bitset 2011/01/30 v1.1 Handle bit-vector datatype (HO)
Package: uniquecounter 2011/01/30 v1.2 Provide unlimited unique counter (HO)
)
Package hobsub Info: Skipping package `hobsub' (already loaded).
Package: letltxmacro 2010/09/02 v1.4 Let assignment for LaTeX macros (HO)
Package: hopatch 2011/06/24 v1.1 Wrapper for package hooks (HO)
Package: xcolor-patch 2011/01/30 xcolor patch
Package: atveryend 2011/06/30 v1.8 Hooks at the very end of document (HO)
Package atveryend Info: \enddocument detected (standard20110627).
Package: atbegshi 2011/10/05 v1.16 At begin shipout hook (HO)
Package: refcount 2011/10/16 v3.4 Data extraction from label references (HO)
Package: hycolor 2011/01/30 v1.7 Color options for hyperref/bookmark (HO)
)
("C:\Study\LaTeX\MikTeX 2.9\tex\generic\ifxetex\ifxetex.sty"
Package: ifxetex 2010/09/12 v0.6 Provides ifxetex conditional
)
("C:\Study\LaTeX\MikTeX 2.9\tex\latex\oberdiek\auxhook.sty"
Package: auxhook 2011/03/04 v1.3 Hooks for auxiliary files (HO)
)
("C:\Study\LaTeX\MikTeX 2.9\tex\latex\oberdiek\kvoptions.sty"
Package: kvoptions 2011/06/30 v3.11 Key value format for package options (HO)
)
\@linkdim=\dimen129
\Hy@linkcounter=\count102
\Hy@pagecounter=\count103

("C:\Study\LaTeX\MikTeX 2.9\tex\latex\hyperref\pd1enc.def"
File: pd1enc.def 2012/11/06 v6.83m Hyperref: PDFDocEncoding definition (HO)
)
\Hy@SavedSpaceFactor=\count104

("C:\Study\LaTeX\MikTeX 2.9\tex\latex\00miktex\hyperref.cfg"
File: hyperref.cfg 2002/06/06 v1.2 hyperref configuration of TeXLive
)
Package hyperref Info: Hyper figures OFF on input line 4443.
Package hyperref Info: Link nesting OFF on input line 4448.
Package hyperref Info: Hyper index ON on input line 4451.
Package hyperref Info: Plain pages OFF on input line 4458.
Package hyperref Info: Backreferencing OFF on input line 4463.
Package hyperref Info: Implicit mode ON; LaTeX internals redefined.
Package hyperref Info: Bookmarks ON on input line 4688.
\c@Hy@tempcnt=\count105

("C:\Study\LaTeX\MikTeX 2.9\tex\latex\ltxmisc\url.sty"
\Urlmuskip=\muskip11
Package: url 2006/04/12  ver 3.3  Verb mode for urls, etc.
)
LaTeX Info: Redefining \url on input line 5041.
\XeTeXLinkMargin=\dimen130
\Fld@menulength=\count106
\Field@Width=\dimen131
\Fld@charsize=\dimen132
Package hyperref Info: Hyper figures OFF on input line 6295.
Package hyperref Info: Link nesting OFF on input line 6300.
Package hyperref Info: Hyper index ON on input line 6303.
Package hyperref Info: backreferencing OFF on input line 6310.
Package hyperref Info: Link coloring OFF on input line 6315.
Package hyperref Info: Link coloring with OCG OFF on input line 6320.
Package hyperref Info: PDF/A mode OFF on input line 6325.
LaTeX Info: Redefining \ref on input line 6365.
LaTeX Info: Redefining \pageref on input line 6369.
\Hy@abspage=\count107
\c@Item=\count108
\c@Hfootnote=\count109
)

Package hyperref Message: Driver (autodetected): hpdftex.

("C:\Study\LaTeX\MikTeX 2.9\tex\latex\hyperref\hpdftex.def"
File: hpdftex.def 2012/11/06 v6.83m Hyperref driver for pdfTeX
\Fld@listcount=\count110
\c@bookmark@seq@number=\count111

("C:\Study\LaTeX\MikTeX 2.9\tex\latex\oberdiek\rerunfilecheck.sty"
Package: rerunfilecheck 2011/04/15 v1.7 Rerun checks for auxiliary files (HO)
Package uniquecounter Info: New unique counter `rerunfilecheck' on input line 2
82.
)
\Hy@SectionHShift=\skip51
)
("C:\Study\LaTeX\MikTeX 2.9\tex\latex\setspace\setspace.sty"
Package: setspace 2011/12/19 v6.7a set line spacing
)
("C:\Study\My projects\Depth-scatter\MS\Depth-scatter-summary.aux")
LaTeX Font Info:    Checking defaults for OML/cmm/m/it on input line 19.
LaTeX Font Info:    ... okay on input line 19.
LaTeX Font Info:    Checking defaults for T1/cmr/m/n on input line 19.
LaTeX Font Info:    ... okay on input line 19.
LaTeX Font Info:    Checking defaults for OT1/cmr/m/n on input line 19.
LaTeX Font Info:    ... okay on input line 19.
LaTeX Font Info:    Checking defaults for OMS/cmsy/m/n on input line 19.
LaTeX Font Info:    ... okay on input line 19.
LaTeX Font Info:    Checking defaults for OMX/cmex/m/n on input line 19.
LaTeX Font Info:    ... okay on input line 19.
LaTeX Font Info:    Checking defaults for U/cmr/m/n on input line 19.
LaTeX Font Info:    ... okay on input line 19.
LaTeX Font Info:    Checking defaults for PD1/pdf/m/n on input line 19.
LaTeX Font Info:    ... okay on input line 19.

(C:\Users\Subho\AppData\Roaming\MiKTeX\2.9\tex\context\base\supp-pdf.mkii
[Loading MPS to PDF converter (version 2006.09.02).]
\scratchcounter=\count112
\scratchdimen=\dimen133
\scratchbox=\box28
\nofMPsegments=\count113
\nofMParguments=\count114
\everyMPshowfont=\toks27
\MPscratchCnt=\count115
\MPscratchDim=\dimen134
\MPnumerator=\count116
\makeMPintoPDFobject=\count117
\everyMPtoPDFconversion=\toks28
)
Package caption Info: Begin \AtBeginDocument code.
Package caption Info: hyperref package is loaded.
Package caption Info: End \AtBeginDocument code.
\AtBeginShipoutBox=\box29
Package hyperref Info: Link coloring OFF on input line 19.
 ("C:\Study\LaTeX\MikTeX 2.9\tex\latex\hyperref\nameref.sty"
Package: nameref 2012/10/27 v2.43 Cross-referencing by name of section

("C:\Study\LaTeX\MikTeX 2.9\tex\generic\oberdiek\gettitlestring.sty"
Package: gettitlestring 2010/12/03 v1.4 Cleanup title references (HO)
)
\c@section@level=\count118
)
LaTeX Info: Redefining \ref on input line 19.
LaTeX Info: Redefining \pageref on input line 19.
LaTeX Info: Redefining \nameref on input line 19.

("C:\Study\My projects\Depth-scatter\MS\Depth-scatter-summary.out")
("C:\Study\My projects\Depth-scatter\MS\Depth-scatter-summary.out")
\@outlinefile=\write3
\c@Theorem=\count119
LaTeX Font Info:    Try loading font information for U+msa on input line 30.

("C:\Study\LaTeX\MikTeX 2.9\tex\latex\amsfonts\umsa.fd"
File: umsa.fd 2013/01/14 v3.01 AMS symbols A
)
LaTeX Font Info:    Try loading font information for U+msb on input line 30.

("C:\Study\LaTeX\MikTeX 2.9\tex\latex\amsfonts\umsb.fd"
File: umsb.fd 2013/01/14 v3.01 AMS symbols B
) [1

{C:/Users/Subho/AppData/Local/MiKTeX/2.9/pdftex/config/pdftex.map}] [2] [3] [4]
 [5]
LaTeX Font Info:    Try loading font information for OMS+cmr on input line 93.

("C:\Study\LaTeX\MikTeX 2.9\tex\latex\base\omscmr.fd"
File: omscmr.fd 1999/05/25 v2.5h Standard LaTeX font definitions
)
LaTeX Font Info:    Font shape `OMS/cmr/m/n' in size <10.95> not available
(Font)              Font shape `OMS/cmsy/m/n' tried instead on input line 93.
 [6] [7]
<../Codes/ranks.pdf, id=223, 505.89pt x 289.08pt>
File: ../Codes/ranks.pdf Graphic file (type pdf)
 <use ../Codes/ranks.pdf>
Package pdftex.def Info: ../Codes/ranks.pdf used on input line 121.
(pdftex.def)             Requested size: 298.7504pt x 170.71652pt.

[8 <C:/Study/My projects/Depth-scatter/Codes/ranks.pdf>] [9] [10]
Overfull \hbox (14.84578pt too wide) detected at line 199
[] [] [] \OML/cmm/m/it/10.95 N[]\OT1/cmr/m/n/10.95 (\OT1/cmr/bx/n/10.95 0\OML/c
mm/m/it/10.95 ; V[]\OT1/cmr/m/n/10.95 (\OML/cmm/m/it/10.95 F\OT1/cmr/m/n/10.95 
))
 []

[11] [12]

LaTeX Warning: Command \l invalid in math mode on input line 230.


LaTeX Warning: Command \l invalid in math mode on input line 230.

[13] [14]

LaTeX Warning: No positions in optional float specifier.
               Default added (so using `tbp') on input line 268.

<../Codes/IFnorm.png, id=324, 752.8125pt x 1003.75pt>
File: ../Codes/IFnorm.png Graphic file (type png)

<use ../Codes/IFnorm.png>
Package pdftex.def Info: ../Codes/IFnorm.png used on input line 270.
(pdftex.def)             Requested size: 341.43306pt x 455.25195pt.

Overfull \hbox (18.5976pt too wide) in alignment at lines 284--287
 [][][] []
 []

[15] [16 <C:/Study/My projects/Depth-scatter/Codes/IFnorm.png>]
Overfull \hbox (11.61044pt too wide) in paragraph at lines 301--312
[][]
 []


Underfull \hbox (badness 10000) in paragraph at lines 301--312

 []

[17] [18]
Overfull \hbox (32.16238pt too wide) in paragraph at lines 333--373
[][]
 []


Underfull \hbox (badness 10000) in paragraph at lines 333--373

 []


Overfull \hbox (29.10622pt too wide) in paragraph at lines 379--419
[][]
 []


Underfull \hbox (badness 10000) in paragraph at lines 379--419

 []


Overfull \hbox (29.10622pt too wide) in paragraph at lines 425--465
[][]
 []


Underfull \hbox (badness 10000) in paragraph at lines 425--465

 []

[19] [20] [21] [22] [23] [24]
<../Codes/octane_screeplot.pdf, id=425, 361.35pt x 361.35pt>
File: ../Codes/octane_screeplot.pdf Graphic file (type pdf)

<use ../Codes/octane_screeplot.pdf>
Package pdftex.def Info: ../Codes/octane_screeplot.pdf used on input line 547.
(pdftex.def)             Requested size: 170.71672pt x 170.71652pt.

<../Codes/octane_distanceplot.pdf, id=426, 505.89pt x 289.08pt>
File: ../Codes/octane_distanceplot.pdf Graphic file (type pdf)

<use ../Codes/octane_distanceplot.pdf>
Package pdftex.def Info: ../Codes/octane_distanceplot.pdf used on input line 55
3.
(pdftex.def)             Requested size: 323.64497pt x 184.9429pt.
 [25 <C:/Study/My projects/Depth-scatter/Codes/octane_screeplot.pdf>] [26 <C:/S
tudy/My projects/Depth-scatter/Codes/octane_distanceplot.pdf>]

Package hyperref Warning: Token not allowed in a PDF string (PDFDocEncoding):
(hyperref)                removing `math shift' on input line 570.


Package hyperref Warning: Token not allowed in a PDF string (PDFDocEncoding):
(hyperref)                removing `subscript' on input line 570.


Package hyperref Warning: Token not allowed in a PDF string (PDFDocEncoding):
(hyperref)                removing `math shift' on input line 570.


Overfull \hbox (34.18604pt too wide) in alignment at lines 578--582
 [][][] []
 []

[27] [28]
Overfull \hbox (8.77065pt too wide) in paragraph at lines 618--620
[]\OT1/cmr/m/n/10.95 The proof fol-lows di-rectly from writ-ing out the ex-pres
-sion of $\OML/cmm/m/it/10.95 Cov\OT1/cmr/m/n/10.95 ([])$: 
 []

[29] [30]
Overfull \hbox (4.5438pt too wide) in paragraph at lines 716--717
 [][] \OT1/cmr/m/n/10.95 For the on-diagonal el-e-ments of $[](\OML/cmm/m/it/10
.95 F[]\OT1/cmr/m/n/10.95 )$ The-o-rem []4.3[] gives us $[][](\OML/cmm/m/it/10.
95 F[]\OT1/cmr/m/n/10.95 ) = [][](\OML/cmm/m/it/10.95 F[]\OT1/cmr/m/n/10.95 )$
 []

[31] ("C:\Study\My projects\Depth-scatter\MS\Depth-scatter-summary.bbl"
[32] [33] [34] [35])
Package atveryend Info: Empty hook `BeforeClearDocument' on input line 730.
 [36]
Package atveryend Info: Empty hook `AfterLastShipout' on input line 730.

("C:\Study\My projects\Depth-scatter\MS\Depth-scatter-summary.aux")
Package atveryend Info: Executing hook `AtVeryEndDocument' on input line 730.
Package atveryend Info: Executing hook `AtEndAfterFileList' on input line 730.
Package rerunfilecheck Info: File `Depth-scatter-summary.out' has not changed.
(rerunfilecheck)             Checksum: 3FB448AE679BDFEF7406BB275B670545;1098.
Package atveryend Info: Empty hook `AtVeryVeryEnd' on input line 730.
 ) 
Here is how much of TeX's memory you used:
 8026 strings out of 493921
 117072 string characters out of 3148084
 247945 words of memory out of 3000000
 11074 multiletter control sequences out of 15000+200000
 20755 words of font info for 78 fonts, out of 3000000 for 9000
 841 hyphenation exceptions out of 8191
 36i,14n,38p,1525b,511s stack positions out of 5000i,500n,10000p,200000b,50000s
<C:/Study/LaTeX/MikTeX 2.9/fonts/type1/public/amsfonts/cm/cmbx10.pfb><C:/Stud
y/LaTeX/MikTeX 2.9/fonts/type1/public/amsfonts/cm/cmbx12.pfb><C:/Study/LaTeX/Mi
kTeX 2.9/fonts/type1/public/amsfonts/cm/cmbx6.pfb><C:/Study/LaTeX/MikTeX 2.9/fo
nts/type1/public/amsfonts/cm/cmbx8.pfb><C:/Study/LaTeX/MikTeX 2.9/fonts/type1/p
ublic/amsfonts/cm/cmex10.pfb><C:/Study/LaTeX/MikTeX 2.9/fonts/type1/public/amsf
onts/cm/cmmi10.pfb><C:/Study/LaTeX/MikTeX 2.9/fonts/type1/public/amsfonts/cm/cm
mi12.pfb><C:/Study/LaTeX/MikTeX 2.9/fonts/type1/public/amsfonts/cm/cmmi6.pfb><C
:/Study/LaTeX/MikTeX 2.9/fonts/type1/public/amsfonts/cm/cmmi8.pfb><C:/Study/LaT
eX/MikTeX 2.9/fonts/type1/public/amsfonts/cm/cmmi9.pfb><C:/Study/LaTeX/MikTeX 2
.9/fonts/type1/public/amsfonts/cm/cmmib10.pfb><C:/Study/LaTeX/MikTeX 2.9/fonts/
type1/public/amsfonts/cmextra/cmmib8.pfb><C:/Study/LaTeX/MikTeX 2.9/fonts/type1
/public/amsfonts/cm/cmr10.pfb><C:/Study/LaTeX/MikTeX 2.9/fonts/type1/public/ams
fonts/cm/cmr12.pfb><C:/Study/LaTeX/MikTeX 2.9/fonts/type1/public/amsfonts/cm/cm
r17.pfb><C:/Study/LaTeX/MikTeX 2.9/fonts/type1/public/amsfonts/cm/cmr6.pfb><C:/
Study/LaTeX/MikTeX 2.9/fonts/type1/public/amsfonts/cm/cmr8.pfb><C:/Study/LaTeX/
MikTeX 2.9/fonts/type1/public/amsfonts/cm/cmr9.pfb><C:/Study/LaTeX/MikTeX 2.9/f
onts/type1/public/amsfonts/cm/cmsy10.pfb><C:/Study/LaTeX/MikTeX 2.9/fonts/type1
/public/amsfonts/cm/cmsy8.pfb><C:/Study/LaTeX/MikTeX 2.9/fonts/type1/public/ams
fonts/cm/cmti10.pfb><C:/Study/LaTeX/MikTeX 2.9/fonts/type1/public/amsfonts/cm/c
mtt10.pfb><C:/Study/LaTeX/MikTeX 2.9/fonts/type1/public/amsfonts/symbols/msbm10
.pfb>
Output written on Depth-scatter-summary.pdf (36 pages, 502229 bytes).
PDF statistics:
 630 PDF objects out of 1000 (max. 8388607)
 133 named destinations out of 1000 (max. 500000)
 157 words of extra memory for PDF output out of 10000 (max. 10000000)

